<?xml version="1.0" encoding="UTF-8"?>
<!-- Generated by org.testng.reporters.JUnitReportReporter -->
<testsuite skipped="0" hostname="DESKTOP-76IQILO" name="mavenProject.Google" tests="1" failures="0" timestamp="07 Mar 2019 09:50:34 GMT" time="0.014" errors="0">
  <testcase name="LaunchTest" time="0.014" classname="mavenProject.Google"/>
</testsuite> <!-- mavenProject.Google -->
