<?xml version="1.0" encoding="UTF-8"?>
<!-- Generated by org.testng.reporters.JUnitReportReporter -->
<testsuite skipped="0" hostname="DESKTOP-76IQILO" name="mavenProject.FacebookJenkins" tests="1" failures="0" timestamp="07 Mar 2019 12:45:09 GMT" time="1.249" errors="0">
  <testcase name="f" time="1.249" classname="mavenProject.FacebookJenkins"/>
</testsuite> <!-- mavenProject.FacebookJenkins -->
